Thu 09/06/2018 11:57:25.64 Data Share Manager was launched. 
Sun 09/09/2018 18:10:25.65 Data Share Manager was launched. 
Mon 09/17/2018  0:59:18.54 Data Share Manager was launched. 
Mon 09/17/2018 11:59:23.21 Data Share Manager was launched. 
Fri 09/21/2018 12:03:22.85 Data Share Manager was launched. 
Wed 09/26/2018  0:15:33.78 Data Share Manager was launched. 
Wed 10/03/2018 21:25:27.00 Data Share Manager was launched. 
Tue 10/09/2018 17:56:38.72 Data Share Manager was launched. 
Wed 10/10/2018 12:07:38.97 Data Share Manager was launched. 
Thu 10/11/2018 12:59:27.67 Data Share Manager was launched. 
Sat 11/17/2018 21:01:03.59 Data Share Manager was launched. 
Sat 11/17/2018 21:57:30.65 Data Share Manager was launched. 
Mon 12/03/2018 15:48:23.43 Data Share Manager was launched. 
Mon 01/21/2019 18:33:56.52 Data Share Manager was launched. 
Thu 01/24/2019 16:33:53.96 Data Share Manager was launched. 
Fri 01/25/2019 17:38:20.25 Data Share Manager was launched. 
Tue 02/05/2019 17:27:32.39 Data Share Manager was launched. 
Mon 02/18/2019 13:19:02.91 Data Share Manager was launched. 
Sun 03/10/2019 10:14:18.41 Data Share Manager was launched. 
Wed 03/13/2019 13:19:12.24 Data Share Manager was launched. 
Fri 03/22/2019 19:46:35.57 Data Share Manager was launched. 
Mon 03/25/2019 10:39:39.28 Data Share Manager was launched. 
Tue 03/26/2019 12:54:30.54 Data Share Manager was launched. 
Tue 03/26/2019 23:31:34.52 Data Share Manager was launched. 
Wed 04/10/2019 12:47:43.27 Data Share Manager was launched. 
Tue 04/23/2019 13:56:39.15 Data Share Manager was launched. 
Tue 04/23/2019 14:23:52.63 Data Share Manager was launched. 
Wed 05/01/2019 16:52:19.20 Data Share Manager was launched. 
Wed 05/01/2019 17:11:50.32 Data Share Manager was launched. 
Wed 05/01/2019 18:21:02.55 Data Share Manager was launched. 
Thu 05/02/2019 10:42:33.23 Data Share Manager was launched. 
Wed 05/15/2019 19:59:33.84 Data Share Manager was launched. 
Mon 05/20/2019 19:02:33.21 Data Share Manager was launched. 
Fri 05/24/2019 12:19:56.66 Data Share Manager was launched. 
Tue 05/28/2019 19:02:15.68 Data Share Manager was launched. 
Fri 06/07/2019 13:31:55.68 Data Share Manager was launched. 
