
DMLauncher log file: C:\Users\vi313030\DMLauncher.log

DMLauncher argument: 
WARNING: Missing file extension: 
NOTE: No ###.plmd files will be launched by this invocation.
Launching FMS Data Share Manager...
Successfully launched: D:\Programs\Siemens\TC11\dm\dm.cmd
Full String: cmd.exe /S /C ""D:\Programs\Siemens\TC11\dm\dm.cmd" ""-no""" > nul:

DMLauncher log file: C:\Users\vi313030\DMLauncher.log

DMLauncher argument: 
WARNING: Missing file extension: 
NOTE: No ###.plmd files will be launched by this invocation.
Launching FMS Data Share Manager...
Successfully launched: D:\Programs\Siemens\TC11\dm\dm.cmd
Full String: cmd.exe /S /C ""D:\Programs\Siemens\TC11\dm\dm.cmd" ""-no""" > nul:

DMLauncher log file: C:\Users\vi313030\DMLauncher.log

DMLauncher argument: 
WARNING: Missing file extension: 
NOTE: No ###.plmd files will be launched by this invocation.
Launching FMS Data Share Manager...
Successfully launched: D:\Programs\Siemens\TC11\dm\dm.cmd
Full String: cmd.exe /S /C ""D:\Programs\Siemens\TC11\dm\dm.cmd" ""-no""" > nul:

DMLauncher log file: C:\Users\vi313030\DMLauncher.log

DMLauncher argument: 
WARNING: Missing file extension: 
NOTE: No ###.plmd files will be launched by this invocation.
Launching FMS Data Share Manager...
Successfully launched: D:\Programs\Siemens\TC11\dm\dm.cmd
Full String: cmd.exe /S /C ""D:\Programs\Siemens\TC11\dm\dm.cmd" ""-no""" > nul:

DMLauncher log file: C:\Users\vi313030\DMLauncher.log

DMLauncher argument: 
WARNING: Missing file extension: 
NOTE: No ###.plmd files will be launched by this invocation.
Launching FMS Data Share Manager...
Successfully launched: D:\Programs\Siemens\TC11\dm\dm.cmd
Full String: cmd.exe /S /C ""D:\Programs\Siemens\TC11\dm\dm.cmd" ""-no""" > nul:

DMLauncher log file: C:\Users\vi313030\DMLauncher.log

DMLauncher argument: 
WARNING: Missing file extension: 
NOTE: No ###.plmd files will be launched by this invocation.
Launching FMS Data Share Manager...
Successfully launched: D:\Programs\Siemens\TC11\dm\dm.cmd
Full String: cmd.exe /S /C ""D:\Programs\Siemens\TC11\dm\dm.cmd" ""-no""" > nul:

DMLauncher log file: C:\Users\vi313030\DMLauncher.log

DMLauncher argument: 
WARNING: Missing file extension: 
NOTE: No ###.plmd files will be launched by this invocation.
Launching FMS Data Share Manager...
Successfully launched: D:\Programs\Siemens\TC11\dm\dm.cmd
Full String: cmd.exe /S /C ""D:\Programs\Siemens\TC11\dm\dm.cmd" ""-no""" > nul:

DMLauncher log file: C:\Users\vi313030\DMLauncher.log

DMLauncher argument: 
WARNING: Missing file extension: 
NOTE: No ###.plmd files will be launched by this invocation.
Launching FMS Data Share Manager...
Successfully launched: D:\Programs\Siemens\TC11\dm\dm.cmd
Full String: cmd.exe /S /C ""D:\Programs\Siemens\TC11\dm\dm.cmd" ""-no""" > nul:

DMLauncher log file: C:\Users\vi313030\DMLauncher.log

DMLauncher argument: 
WARNING: Missing file extension: 
NOTE: No ###.plmd files will be launched by this invocation.
Launching FMS Data Share Manager...
Successfully launched: D:\Programs\Siemens\TC11\dm\dm.cmd
Full String: cmd.exe /S /C ""D:\Programs\Siemens\TC11\dm\dm.cmd" ""-no""" > nul:

DMLauncher log file: C:\Users\vi313030\DMLauncher.log

DMLauncher argument: 
WARNING: Missing file extension: 
NOTE: No ###.plmd files will be launched by this invocation.
Launching FMS Data Share Manager...
Successfully launched: D:\Programs\Siemens\TC11\dm\dm.cmd
Full String: cmd.exe /S /C ""D:\Programs\Siemens\TC11\dm\dm.cmd" ""-no""" > nul:

DMLauncher log file: C:\Users\vi313030\DMLauncher.log

DMLauncher argument: 
WARNING: Missing file extension: 
NOTE: No ###.plmd files will be launched by this invocation.
Launching FMS Data Share Manager...
Successfully launched: D:\Programs\Siemens\TC11\dm\dm.cmd
Full String: cmd.exe /S /C ""D:\Programs\Siemens\TC11\dm\dm.cmd" ""-no""" > nul:

DMLauncher log file: C:\Users\vi313030\DMLauncher.log

DMLauncher argument: 
WARNING: Missing file extension: 
NOTE: No ###.plmd files will be launched by this invocation.
Launching FMS Data Share Manager...
Successfully launched: D:\Programs\Siemens\TC11\dm\dm.cmd
Full String: cmd.exe /S /C ""D:\Programs\Siemens\TC11\dm\dm.cmd" ""-no""" > nul:

DMLauncher log file: C:\Users\vi313030\DMLauncher.log

DMLauncher argument: 
WARNING: Missing file extension: 
NOTE: No ###.plmd files will be launched by this invocation.
Launching FMS Data Share Manager...
Successfully launched: D:\Programs\Siemens\TC11\dm\dm.cmd
Full String: cmd.exe /S /C ""D:\Programs\Siemens\TC11\dm\dm.cmd" ""-no""" > nul:

DMLauncher log file: C:\Users\vi313030\DMLauncher.log

DMLauncher argument: 
WARNING: Missing file extension: 
NOTE: No ###.plmd files will be launched by this invocation.
Launching FMS Data Share Manager...
Successfully launched: D:\Programs\Siemens\TC11\dm\dm.cmd
Full String: cmd.exe /S /C ""D:\Programs\Siemens\TC11\dm\dm.cmd" ""-no""" > nul:

DMLauncher log file: C:\Users\vi313030\DMLauncher.log

DMLauncher argument: 
WARNING: Missing file extension: 
NOTE: No ###.plmd files will be launched by this invocation.
Launching FMS Data Share Manager...
Successfully launched: D:\Programs\Siemens\TC11\dm\dm.cmd
Full String: cmd.exe /S /C ""D:\Programs\Siemens\TC11\dm\dm.cmd" ""-no""" > nul:

DMLauncher log file: C:\Users\vi313030\DMLauncher.log

DMLauncher argument: 
WARNING: Missing file extension: 
NOTE: No ###.plmd files will be launched by this invocation.
Launching FMS Data Share Manager...
Successfully launched: D:\Programs\Siemens\TC11\dm\dm.cmd
Full String: cmd.exe /S /C ""D:\Programs\Siemens\TC11\dm\dm.cmd" ""-no""" > nul:

DMLauncher log file: C:\Users\vi313030\DMLauncher.log

DMLauncher argument: 
WARNING: Missing file extension: 
NOTE: No ###.plmd files will be launched by this invocation.
Launching FMS Data Share Manager...
Successfully launched: D:\Programs\Siemens\TC11\dm\dm.cmd
Full String: cmd.exe /S /C ""D:\Programs\Siemens\TC11\dm\dm.cmd" ""-no""" > nul:

DMLauncher log file: C:\Users\vi313030\DMLauncher.log

DMLauncher argument: 
WARNING: Missing file extension: 
NOTE: No ###.plmd files will be launched by this invocation.
Launching FMS Data Share Manager...
Successfully launched: D:\Programs\Siemens\TC11\dm\dm.cmd
Full String: cmd.exe /S /C ""D:\Programs\Siemens\TC11\dm\dm.cmd" ""-no""" > nul:

DMLauncher log file: C:\Users\vi313030\DMLauncher.log

DMLauncher argument: 
WARNING: Missing file extension: 
NOTE: No ###.plmd files will be launched by this invocation.
Launching FMS Data Share Manager...
Successfully launched: D:\Programs\Siemens\TC11\dm\dm.cmd
Full String: cmd.exe /S /C ""D:\Programs\Siemens\TC11\dm\dm.cmd" ""-no""" > nul:

DMLauncher log file: C:\Users\vi313030\DMLauncher.log

DMLauncher argument: 
WARNING: Missing file extension: 
NOTE: No ###.plmd files will be launched by this invocation.
Launching FMS Data Share Manager...
Successfully launched: D:\Programs\Siemens\TC11\dm\dm.cmd
Full String: cmd.exe /S /C ""D:\Programs\Siemens\TC11\dm\dm.cmd" ""-no""" > nul:

DMLauncher log file: C:\Users\vi313030\DMLauncher.log

DMLauncher argument: 
WARNING: Missing file extension: 
NOTE: No ###.plmd files will be launched by this invocation.
Launching FMS Data Share Manager...
Successfully launched: D:\Programs\Siemens\TC11\dm\dm.cmd
Full String: cmd.exe /S /C ""D:\Programs\Siemens\TC11\dm\dm.cmd" ""-no""" > nul:

DMLauncher log file: C:\Users\vi313030\DMLauncher.log

DMLauncher argument: 
WARNING: Missing file extension: 
NOTE: No ###.plmd files will be launched by this invocation.
Launching FMS Data Share Manager...
Successfully launched: D:\Programs\Siemens\TC11\dm\dm.cmd
Full String: cmd.exe /S /C ""D:\Programs\Siemens\TC11\dm\dm.cmd" ""-no""" > nul:

DMLauncher log file: C:\Users\vi313030\DMLauncher.log

DMLauncher argument: 
WARNING: Missing file extension: 
NOTE: No ###.plmd files will be launched by this invocation.
Launching FMS Data Share Manager...
Successfully launched: D:\Programs\Siemens\TC11\dm\dm.cmd
Full String: cmd.exe /S /C ""D:\Programs\Siemens\TC11\dm\dm.cmd" ""-no""" > nul:

DMLauncher log file: C:\Users\vi313030\DMLauncher.log

DMLauncher argument: 
WARNING: Missing file extension: 
NOTE: No ###.plmd files will be launched by this invocation.
Launching FMS Data Share Manager...
Successfully launched: D:\Programs\Siemens\TC11\dm\dm.cmd
Full String: cmd.exe /S /C ""D:\Programs\Siemens\TC11\dm\dm.cmd" ""-no""" > nul:

DMLauncher log file: C:\Users\vi313030\DMLauncher.log

DMLauncher argument: 
WARNING: Missing file extension: 
NOTE: No ###.plmd files will be launched by this invocation.
Launching FMS Data Share Manager...
Successfully launched: D:\Programs\Siemens\TC11\dm\dm.cmd
Full String: cmd.exe /S /C ""D:\Programs\Siemens\TC11\dm\dm.cmd" ""-no""" > nul:

DMLauncher log file: C:\Users\vi313030\DMLauncher.log

DMLauncher argument: 
WARNING: Missing file extension: 
NOTE: No ###.plmd files will be launched by this invocation.
Launching FMS Data Share Manager...
Successfully launched: D:\Programs\Siemens\TC11\dm\dm.cmd
Full String: cmd.exe /S /C ""D:\Programs\Siemens\TC11\dm\dm.cmd" ""-no""" > nul:

DMLauncher log file: C:\Users\vi313030\DMLauncher.log

DMLauncher argument: 
WARNING: Missing file extension: 
NOTE: No ###.plmd files will be launched by this invocation.
Launching FMS Data Share Manager...
Successfully launched: D:\Programs\Siemens\TC11\dm\dm.cmd
Full String: cmd.exe /S /C ""D:\Programs\Siemens\TC11\dm\dm.cmd" ""-no""" > nul:

DMLauncher log file: C:\Users\vi313030\DMLauncher.log

DMLauncher argument: 
WARNING: Missing file extension: 
NOTE: No ###.plmd files will be launched by this invocation.
Launching FMS Data Share Manager...
Successfully launched: D:\Programs\Siemens\TC11\dm\dm.cmd
Full String: cmd.exe /S /C ""D:\Programs\Siemens\TC11\dm\dm.cmd" ""-no""" > nul:

DMLauncher log file: C:\Users\vi313030\DMLauncher.log

DMLauncher argument: 
WARNING: Missing file extension: 
NOTE: No ###.plmd files will be launched by this invocation.
Launching FMS Data Share Manager...
Successfully launched: D:\Programs\Siemens\TC11\dm\dm.cmd
Full String: cmd.exe /S /C ""D:\Programs\Siemens\TC11\dm\dm.cmd" ""-no""" > nul:

DMLauncher log file: C:\Users\vi313030\DMLauncher.log

DMLauncher argument: 
WARNING: Missing file extension: 
NOTE: No ###.plmd files will be launched by this invocation.
Launching FMS Data Share Manager...
Successfully launched: D:\Programs\Siemens\TC11\dm\dm.cmd
Full String: cmd.exe /S /C ""D:\Programs\Siemens\TC11\dm\dm.cmd" ""-no""" > nul:

DMLauncher log file: C:\Users\vi313030\DMLauncher.log

DMLauncher argument: 
WARNING: Missing file extension: 
NOTE: No ###.plmd files will be launched by this invocation.
Launching FMS Data Share Manager...
Successfully launched: D:\Programs\Siemens\TC11\dm\dm.cmd
Full String: cmd.exe /S /C ""D:\Programs\Siemens\TC11\dm\dm.cmd" ""-no""" > nul:

DMLauncher log file: C:\Users\vi313030\DMLauncher.log

DMLauncher argument: 
WARNING: Missing file extension: 
NOTE: No ###.plmd files will be launched by this invocation.
Launching FMS Data Share Manager...
Successfully launched: D:\Programs\Siemens\TC11\dm\dm.cmd
Full String: cmd.exe /S /C ""D:\Programs\Siemens\TC11\dm\dm.cmd" ""-no""" > nul:

DMLauncher log file: C:\Users\vi313030\DMLauncher.log

DMLauncher argument: 
WARNING: Missing file extension: 
NOTE: No ###.plmd files will be launched by this invocation.
Launching FMS Data Share Manager...
Successfully launched: D:\Programs\Siemens\TC11\dm\dm.cmd
Full String: cmd.exe /S /C ""D:\Programs\Siemens\TC11\dm\dm.cmd" ""-no""" > nul:

DMLauncher log file: C:\Users\vi313030\DMLauncher.log

DMLauncher argument: 
WARNING: Missing file extension: 
NOTE: No ###.plmd files will be launched by this invocation.
Launching FMS Data Share Manager...
Successfully launched: D:\Programs\Siemens\TC11\dm\dm.cmd
Full String: cmd.exe /S /C ""D:\Programs\Siemens\TC11\dm\dm.cmd" ""-no""" > nul:

DMLauncher log file: C:\Users\vi313030\DMLauncher.log

DMLauncher argument: 
WARNING: Missing file extension: 
NOTE: No ###.plmd files will be launched by this invocation.
Launching FMS Data Share Manager...
Successfully launched: D:\Programs\Siemens\TC11\dm\dm.cmd
Full String: cmd.exe /S /C ""D:\Programs\Siemens\TC11\dm\dm.cmd" ""-no""" > nul:

DMLauncher log file: C:\Users\vi313030\DMLauncher.log

DMLauncher argument: 
WARNING: Missing file extension: 
NOTE: No ###.plmd files will be launched by this invocation.
Launching FMS Data Share Manager...
Successfully launched: D:\Programs\Siemens\TC11\dm\dm.cmd
Full String: cmd.exe /S /C ""D:\Programs\Siemens\TC11\dm\dm.cmd" ""-no""" > nul:
